2022-10-05 19:59:28.627  INFO 21349 --- [main] my.seckill.SeckillProjectApplication     : Starting SeckillProjectApplication using Java 11.0.3 on hujiangshengdeMacBook-Pro.local with PID 21349 (/Users/hujiangsheng/Codes/blog-code/seckill-project/target/classes started by hujiangsheng in /Users/hujiangsheng/Codes/blog-code/seckill-project)
2022-10-05 19:59:28.630  INFO 21349 --- [main] my.seckill.SeckillProjectApplication     : No active profile set, falling back to 1 default profile: "default"
2022-10-05 19:59:29.170  INFO 21349 --- [main] .s.d.r.c.RepositoryConfigurationDelegate : Multiple Spring Data modules found, entering strict repository configuration mode
2022-10-05 19:59:29.171  INFO 21349 --- [main] .s.d.r.c.RepositoryConfigurationDelegate : Bootstrapping Spring Data Redis repositories in DEFAULT mode.
2022-10-05 19:59:29.190  INFO 21349 --- [main] .s.d.r.c.RepositoryConfigurationDelegate : Finished Spring Data repository scanning in 3 ms. Found 0 Redis repository interfaces.
2022-10-05 19:59:29.530  INFO 21349 --- [main] o.s.b.w.embedded.tomcat.TomcatWebServer  : Tomcat initialized with port(s): 8080 (http)
2022-10-05 19:59:29.537  INFO 21349 --- [main] o.apache.catalina.core.StandardService   : Starting service [Tomcat]
2022-10-05 19:59:29.537  INFO 21349 --- [main] org.apache.catalina.core.StandardEngine  : Starting Servlet engine: [Apache Tomcat/9.0.65]
2022-10-05 19:59:29.602  INFO 21349 --- [main] o.a.c.c.C.[Tomcat].[localhost].[/]       : Initializing Spring embedded WebApplicationContext
2022-10-05 19:59:29.602  INFO 21349 --- [main] w.s.c.ServletWebServerApplicationContext : Root WebApplicationContext: initialization completed in 910 ms
2022-10-05 19:59:30.608  WARN 21349 --- [main] ConfigServletWebServerApplicationContext : Exception encountered during context initialization - cancelling refresh attempt: org.springframework.context.ApplicationContextException: Failed to start bean 'webServerStartStop'; nested exception is org.springframework.boot.web.server.PortInUseException: Port 8080 is already in use
2022-10-05 19:59:30.730  INFO 21349 --- [main] o.apache.catalina.core.StandardService   : Stopping service [Tomcat]
2022-10-05 19:59:30.740  INFO 21349 --- [main] ConditionEvaluationReportLoggingListener : 

Error starting ApplicationContext. To display the conditions report re-run your application with 'debug' enabled.
2022-10-05 19:59:30.755 ERROR 21349 --- [main] o.s.b.d.LoggingFailureAnalysisReporter   : 

***************************
APPLICATION FAILED TO START
***************************

Description:

Web server failed to start. Port 8080 was already in use.

Action:

Identify and stop the process that's listening on port 8080 or configure this application to listen on another port.

2022-10-05 19:59:45.312  INFO 21399 --- [main] my.seckill.SeckillProjectApplication     : Starting SeckillProjectApplication using Java 11.0.3 on hujiangshengdeMacBook-Pro.local with PID 21399 (/Users/hujiangsheng/Codes/blog-code/seckill-project/target/classes started by hujiangsheng in /Users/hujiangsheng/Codes/blog-code/seckill-project)
2022-10-05 19:59:45.314  INFO 21399 --- [main] my.seckill.SeckillProjectApplication     : No active profile set, falling back to 1 default profile: "default"
2022-10-05 19:59:45.746  INFO 21399 --- [main] .s.d.r.c.RepositoryConfigurationDelegate : Multiple Spring Data modules found, entering strict repository configuration mode
2022-10-05 19:59:45.748  INFO 21399 --- [main] .s.d.r.c.RepositoryConfigurationDelegate : Bootstrapping Spring Data Redis repositories in DEFAULT mode.
2022-10-05 19:59:45.759  INFO 21399 --- [main] .s.d.r.c.RepositoryConfigurationDelegate : Finished Spring Data repository scanning in 3 ms. Found 0 Redis repository interfaces.
2022-10-05 19:59:46.070  INFO 21399 --- [main] o.s.b.w.embedded.tomcat.TomcatWebServer  : Tomcat initialized with port(s): 8080 (http)
2022-10-05 19:59:46.077  INFO 21399 --- [main] o.apache.catalina.core.StandardService   : Starting service [Tomcat]
2022-10-05 19:59:46.077  INFO 21399 --- [main] org.apache.catalina.core.StandardEngine  : Starting Servlet engine: [Apache Tomcat/9.0.65]
2022-10-05 19:59:46.140  INFO 21399 --- [main] o.a.c.c.C.[Tomcat].[localhost].[/]       : Initializing Spring embedded WebApplicationContext
2022-10-05 19:59:46.141  INFO 21399 --- [main] w.s.c.ServletWebServerApplicationContext : Root WebApplicationContext: initialization completed in 787 ms
2022-10-05 19:59:46.998  INFO 21399 --- [main] o.s.b.w.embedded.tomcat.TomcatWebServer  : Tomcat started on port(s): 8080 (http) with context path ''
2022-10-05 19:59:47.099  INFO 21399 --- [main] s.a.ScheduledAnnotationBeanPostProcessor : No TaskScheduler/ScheduledExecutorService bean found for scheduled processing
2022-10-05 19:59:47.112  INFO 21399 --- [main] my.seckill.SeckillProjectApplication     : Started SeckillProjectApplication in 2.067 seconds (JVM running for 2.629)
2022-10-05 20:09:01.655  INFO 22519 --- [main] my.seckill.SeckillProjectApplication     : Starting SeckillProjectApplication using Java 11.0.3 on hujiangshengdeMacBook-Pro.local with PID 22519 (/Users/hujiangsheng/Codes/blog-code/seckill-project/target/classes started by hujiangsheng in /Users/hujiangsheng/Codes/blog-code/seckill-project)
2022-10-05 20:09:01.672  INFO 22519 --- [main] my.seckill.SeckillProjectApplication     : No active profile set, falling back to 1 default profile: "default"
2022-10-05 20:09:02.193  INFO 22519 --- [main] .s.d.r.c.RepositoryConfigurationDelegate : Multiple Spring Data modules found, entering strict repository configuration mode
2022-10-05 20:09:02.195  INFO 22519 --- [main] .s.d.r.c.RepositoryConfigurationDelegate : Bootstrapping Spring Data Redis repositories in DEFAULT mode.
2022-10-05 20:09:02.212  INFO 22519 --- [main] .s.d.r.c.RepositoryConfigurationDelegate : Finished Spring Data repository scanning in 4 ms. Found 0 Redis repository interfaces.
2022-10-05 20:09:02.706  INFO 22519 --- [main] o.s.b.w.embedded.tomcat.TomcatWebServer  : Tomcat initialized with port(s): 8080 (http)
2022-10-05 20:09:02.725  INFO 22519 --- [main] o.apache.catalina.core.StandardService   : Starting service [Tomcat]
2022-10-05 20:09:02.726  INFO 22519 --- [main] org.apache.catalina.core.StandardEngine  : Starting Servlet engine: [Apache Tomcat/9.0.65]
2022-10-05 20:09:02.888  INFO 22519 --- [main] o.a.c.c.C.[Tomcat].[localhost].[/]       : Initializing Spring embedded WebApplicationContext
2022-10-05 20:09:02.889  INFO 22519 --- [main] w.s.c.ServletWebServerApplicationContext : Root WebApplicationContext: initialization completed in 1182 ms
2022-10-05 20:09:03.973  INFO 22519 --- [main] o.s.b.w.embedded.tomcat.TomcatWebServer  : Tomcat started on port(s): 8080 (http) with context path ''
2022-10-05 20:09:04.066  INFO 22519 --- [main] s.a.ScheduledAnnotationBeanPostProcessor : No TaskScheduler/ScheduledExecutorService bean found for scheduled processing
2022-10-05 20:09:04.075  INFO 22519 --- [main] my.seckill.SeckillProjectApplication     : Started SeckillProjectApplication in 2.764 seconds (JVM running for 3.453)
2022-10-05 20:09:18.998  INFO 22519 --- [http-nio-8080-exec-1] o.a.c.c.C.[Tomcat].[localhost].[/]       : Initializing Spring DispatcherServlet 'dispatcherServlet'
2022-10-05 20:09:18.999  INFO 22519 --- [http-nio-8080-exec-1] o.s.web.servlet.DispatcherServlet        : Initializing Servlet 'dispatcherServlet'
2022-10-05 20:09:19.000  INFO 22519 --- [http-nio-8080-exec-1] o.s.web.servlet.DispatcherServlet        : Completed initialization in 1 ms
2022-10-05 20:09:19.013  INFO 22519 --- [http-nio-8080-exec-1] my.seckill.AuthFilter                    : 2022-10-05T20:09:19.010394 收到请求：GET /user
2022-10-05 20:09:29.545  WARN 22519 --- [http-nio-8080-exec-1] my.seckill.LoginController               : No session mapping to user asd found!
2022-10-05 20:10:00.705  INFO 22519 --- [http-nio-8080-exec-2] my.seckill.AuthFilter                    : 2022-10-05T20:10:00.705249 收到请求：GET /user
2022-10-05 20:10:00.709  WARN 22519 --- [http-nio-8080-exec-2] my.seckill.LoginController               : No session mapping to user asd found!
2022-10-05 20:10:00.840  INFO 22519 --- [http-nio-8080-exec-3] my.seckill.AuthFilter                    : 2022-10-05T20:10:00.840367 收到请求：GET /css/login.css
2022-10-05 20:10:18.072  INFO 22638 --- [main] my.seckill.SeckillProjectApplication     : Starting SeckillProjectApplication using Java 11.0.3 on hujiangshengdeMacBook-Pro.local with PID 22638 (/Users/hujiangsheng/Codes/blog-code/seckill-project/target/classes started by hujiangsheng in /Users/hujiangsheng/Codes/blog-code/seckill-project)
2022-10-05 20:10:18.075  INFO 22638 --- [main] my.seckill.SeckillProjectApplication     : No active profile set, falling back to 1 default profile: "default"
2022-10-05 20:10:18.643  INFO 22638 --- [main] .s.d.r.c.RepositoryConfigurationDelegate : Multiple Spring Data modules found, entering strict repository configuration mode
2022-10-05 20:10:18.645  INFO 22638 --- [main] .s.d.r.c.RepositoryConfigurationDelegate : Bootstrapping Spring Data Redis repositories in DEFAULT mode.
2022-10-05 20:10:18.663  INFO 22638 --- [main] .s.d.r.c.RepositoryConfigurationDelegate : Finished Spring Data repository scanning in 4 ms. Found 0 Redis repository interfaces.
2022-10-05 20:10:19.014  INFO 22638 --- [main] o.s.b.w.embedded.tomcat.TomcatWebServer  : Tomcat initialized with port(s): 8080 (http)
2022-10-05 20:10:19.021  INFO 22638 --- [main] o.apache.catalina.core.StandardService   : Starting service [Tomcat]
2022-10-05 20:10:19.021  INFO 22638 --- [main] org.apache.catalina.core.StandardEngine  : Starting Servlet engine: [Apache Tomcat/9.0.65]
2022-10-05 20:10:19.089  INFO 22638 --- [main] o.a.c.c.C.[Tomcat].[localhost].[/]       : Initializing Spring embedded WebApplicationContext
2022-10-05 20:10:19.090  INFO 22638 --- [main] w.s.c.ServletWebServerApplicationContext : Root WebApplicationContext: initialization completed in 967 ms
2022-10-05 20:10:20.062  INFO 22638 --- [main] o.s.b.w.embedded.tomcat.TomcatWebServer  : Tomcat started on port(s): 8080 (http) with context path ''
2022-10-05 20:10:20.183  INFO 22638 --- [main] s.a.ScheduledAnnotationBeanPostProcessor : No TaskScheduler/ScheduledExecutorService bean found for scheduled processing
2022-10-05 20:10:20.193  INFO 22638 --- [main] my.seckill.SeckillProjectApplication     : Started SeckillProjectApplication in 2.475 seconds (JVM running for 3.076)
2022-10-05 20:10:24.834  INFO 22638 --- [http-nio-8080-exec-1] o.a.c.c.C.[Tomcat].[localhost].[/]       : Initializing Spring DispatcherServlet 'dispatcherServlet'
2022-10-05 20:10:24.834  INFO 22638 --- [http-nio-8080-exec-1] o.s.web.servlet.DispatcherServlet        : Initializing Servlet 'dispatcherServlet'
2022-10-05 20:10:24.835  INFO 22638 --- [http-nio-8080-exec-1] o.s.web.servlet.DispatcherServlet        : Completed initialization in 1 ms
2022-10-05 20:10:24.849  INFO 22638 --- [http-nio-8080-exec-1] my.seckill.AuthFilter                    : 2022-10-05T20:10:24.845429 收到请求：POST /login
2022-10-05 20:10:24.853  INFO 22638 --- [http-nio-8080-exec-2] my.seckill.AuthFilter                    : 2022-10-05T20:10:24.853354 收到请求：GET /user
2022-10-05 20:10:28.441  WARN 22638 --- [http-nio-8080-exec-2] my.seckill.LoginController               : No session mapping to user asd found!
2022-10-05 20:10:28.473  INFO 22638 --- [http-nio-8080-exec-3] my.seckill.AuthFilter                    : 2022-10-05T20:10:28.473268 收到请求：GET /login
2022-10-05 20:10:28.475  INFO 22638 --- [http-nio-8080-exec-4] my.seckill.AuthFilter                    : 2022-10-05T20:10:28.475925 收到请求：GET /user
2022-10-05 20:10:29.339  WARN 22638 --- [http-nio-8080-exec-4] my.seckill.LoginController               : No session mapping to user asd found!
2022-10-05 20:10:29.352  INFO 22638 --- [http-nio-8080-exec-5] my.seckill.AuthFilter                    : 2022-10-05T20:10:29.351986 收到请求：GET /login
2022-10-05 20:10:29.354  INFO 22638 --- [http-nio-8080-exec-6] my.seckill.AuthFilter                    : 2022-10-05T20:10:29.354446 收到请求：GET /user
2022-10-05 20:10:31.489  WARN 22638 --- [http-nio-8080-exec-6] my.seckill.LoginController               : No session mapping to user asd found!
2022-10-05 20:10:31.502  INFO 22638 --- [http-nio-8080-exec-7] my.seckill.AuthFilter                    : 2022-10-05T20:10:31.502203 收到请求：GET /login
2022-10-05 20:10:31.504  INFO 22638 --- [http-nio-8080-exec-8] my.seckill.AuthFilter                    : 2022-10-05T20:10:31.504600 收到请求：GET /user
2022-10-05 20:10:37.139  WARN 22638 --- [http-nio-8080-exec-8] my.seckill.LoginController               : No session mapping to user asd found!
2022-10-05 20:10:37.152  INFO 22638 --- [http-nio-8080-exec-9] my.seckill.AuthFilter                    : 2022-10-05T20:10:37.152079 收到请求：GET /login
2022-10-05 20:10:37.154  INFO 22638 --- [http-nio-8080-exec-10] my.seckill.AuthFilter                    : 2022-10-05T20:10:37.154530 收到请求：GET /user
2022-10-05 20:10:37.156  WARN 22638 --- [http-nio-8080-exec-10] my.seckill.LoginController               : No session mapping to user asd found!
2022-10-05 20:10:37.163  INFO 22638 --- [http-nio-8080-exec-1] my.seckill.AuthFilter                    : 2022-10-05T20:10:37.163104 收到请求：GET /login
2022-10-05 20:10:37.165  INFO 22638 --- [http-nio-8080-exec-2] my.seckill.AuthFilter                    : 2022-10-05T20:10:37.165465 收到请求：GET /user
2022-10-05 20:10:37.167  WARN 22638 --- [http-nio-8080-exec-2] my.seckill.LoginController               : No session mapping to user asd found!
2022-10-05 20:10:37.174  INFO 22638 --- [http-nio-8080-exec-3] my.seckill.AuthFilter                    : 2022-10-05T20:10:37.174637 收到请求：GET /login
2022-10-05 20:10:37.177  INFO 22638 --- [http-nio-8080-exec-4] my.seckill.AuthFilter                    : 2022-10-05T20:10:37.177108 收到请求：GET /user
2022-10-05 20:10:37.178  WARN 22638 --- [http-nio-8080-exec-4] my.seckill.LoginController               : No session mapping to user asd found!
2022-10-05 20:10:37.186  INFO 22638 --- [http-nio-8080-exec-5] my.seckill.AuthFilter                    : 2022-10-05T20:10:37.186741 收到请求：GET /login
2022-10-05 20:10:37.188  INFO 22638 --- [http-nio-8080-exec-6] my.seckill.AuthFilter                    : 2022-10-05T20:10:37.188853 收到请求：GET /user
2022-10-05 20:10:37.190  WARN 22638 --- [http-nio-8080-exec-6] my.seckill.LoginController               : No session mapping to user asd found!
2022-10-05 20:10:37.197  INFO 22638 --- [http-nio-8080-exec-7] my.seckill.AuthFilter                    : 2022-10-05T20:10:37.197510 收到请求：GET /login
2022-10-05 20:10:37.199  INFO 22638 --- [http-nio-8080-exec-8] my.seckill.AuthFilter                    : 2022-10-05T20:10:37.199772 收到请求：GET /user
2022-10-05 20:10:37.201  WARN 22638 --- [http-nio-8080-exec-8] my.seckill.LoginController               : No session mapping to user asd found!
2022-10-05 20:10:37.208  INFO 22638 --- [http-nio-8080-exec-9] my.seckill.AuthFilter                    : 2022-10-05T20:10:37.208280 收到请求：GET /login
2022-10-05 20:10:37.210  INFO 22638 --- [http-nio-8080-exec-10] my.seckill.AuthFilter                    : 2022-10-05T20:10:37.210520 收到请求：GET /user
2022-10-05 20:10:37.212  WARN 22638 --- [http-nio-8080-exec-10] my.seckill.LoginController               : No session mapping to user asd found!
2022-10-05 20:10:37.219  INFO 22638 --- [http-nio-8080-exec-1] my.seckill.AuthFilter                    : 2022-10-05T20:10:37.219081 收到请求：GET /login
2022-10-05 20:10:53.032  INFO 22638 --- [http-nio-8080-exec-2] my.seckill.AuthFilter                    : 2022-10-05T20:10:53.032496 收到请求：GET /login
2022-10-05 20:10:53.035  INFO 22638 --- [http-nio-8080-exec-3] my.seckill.AuthFilter                    : 2022-10-05T20:10:53.035458 收到请求：GET /user
2022-10-05 20:10:53.037  WARN 22638 --- [http-nio-8080-exec-3] my.seckill.LoginController               : No session mapping to user asd found!
2022-10-05 20:10:53.044  INFO 22638 --- [http-nio-8080-exec-4] my.seckill.AuthFilter                    : 2022-10-05T20:10:53.044561 收到请求：GET /login
2022-10-05 20:10:53.047  INFO 22638 --- [http-nio-8080-exec-5] my.seckill.AuthFilter                    : 2022-10-05T20:10:53.047247 收到请求：GET /user
2022-10-05 20:10:53.048  WARN 22638 --- [http-nio-8080-exec-5] my.seckill.LoginController               : No session mapping to user asd found!
2022-10-05 20:10:53.064  INFO 22638 --- [http-nio-8080-exec-6] my.seckill.AuthFilter                    : 2022-10-05T20:10:53.064923 收到请求：GET /login
2022-10-05 20:10:53.067  INFO 22638 --- [http-nio-8080-exec-7] my.seckill.AuthFilter                    : 2022-10-05T20:10:53.067579 收到请求：GET /user
2022-10-05 20:10:53.068  WARN 22638 --- [http-nio-8080-exec-7] my.seckill.LoginController               : No session mapping to user asd found!
2022-10-05 20:10:53.076  INFO 22638 --- [http-nio-8080-exec-8] my.seckill.AuthFilter                    : 2022-10-05T20:10:53.075975 收到请求：GET /login
2022-10-05 20:10:53.078  INFO 22638 --- [http-nio-8080-exec-9] my.seckill.AuthFilter                    : 2022-10-05T20:10:53.078850 收到请求：GET /user
2022-10-05 20:10:53.080  WARN 22638 --- [http-nio-8080-exec-9] my.seckill.LoginController               : No session mapping to user asd found!
2022-10-05 20:10:53.086  INFO 22638 --- [http-nio-8080-exec-10] my.seckill.AuthFilter                    : 2022-10-05T20:10:53.086691 收到请求：GET /login
2022-10-05 20:10:53.089  INFO 22638 --- [http-nio-8080-exec-1] my.seckill.AuthFilter                    : 2022-10-05T20:10:53.089029 收到请求：GET /user
2022-10-05 20:10:53.090  WARN 22638 --- [http-nio-8080-exec-1] my.seckill.LoginController               : No session mapping to user asd found!
2022-10-05 20:10:53.096  INFO 22638 --- [http-nio-8080-exec-2] my.seckill.AuthFilter                    : 2022-10-05T20:10:53.096632 收到请求：GET /login
2022-10-05 20:10:53.099  INFO 22638 --- [http-nio-8080-exec-3] my.seckill.AuthFilter                    : 2022-10-05T20:10:53.099143 收到请求：GET /user
2022-10-05 20:10:53.100  WARN 22638 --- [http-nio-8080-exec-3] my.seckill.LoginController               : No session mapping to user asd found!
2022-10-05 20:10:53.106  INFO 22638 --- [http-nio-8080-exec-4] my.seckill.AuthFilter                    : 2022-10-05T20:10:53.106527 收到请求：GET /login
2022-10-05 20:10:53.108  INFO 22638 --- [http-nio-8080-exec-5] my.seckill.AuthFilter                    : 2022-10-05T20:10:53.108642 收到请求：GET /user
2022-10-05 20:10:53.109  WARN 22638 --- [http-nio-8080-exec-5] my.seckill.LoginController               : No session mapping to user asd found!
2022-10-05 20:10:53.116  INFO 22638 --- [http-nio-8080-exec-6] my.seckill.AuthFilter                    : 2022-10-05T20:10:53.116193 收到请求：GET /login
2022-10-05 20:10:53.118  INFO 22638 --- [http-nio-8080-exec-7] my.seckill.AuthFilter                    : 2022-10-05T20:10:53.118357 收到请求：GET /user
2022-10-05 20:10:53.119  WARN 22638 --- [http-nio-8080-exec-7] my.seckill.LoginController               : No session mapping to user asd found!
2022-10-05 20:10:53.125  INFO 22638 --- [http-nio-8080-exec-8] my.seckill.AuthFilter                    : 2022-10-05T20:10:53.125630 收到请求：GET /login
2022-10-05 20:10:53.130  INFO 22638 --- [http-nio-8080-exec-9] my.seckill.AuthFilter                    : 2022-10-05T20:10:53.130342 收到请求：GET /user
2022-10-05 20:10:53.131  WARN 22638 --- [http-nio-8080-exec-9] my.seckill.LoginController               : No session mapping to user asd found!
2022-10-05 20:10:53.137  INFO 22638 --- [http-nio-8080-exec-10] my.seckill.AuthFilter                    : 2022-10-05T20:10:53.137887 收到请求：GET /login
2022-10-05 20:10:53.140  INFO 22638 --- [http-nio-8080-exec-1] my.seckill.AuthFilter                    : 2022-10-05T20:10:53.140101 收到请求：GET /user
2022-10-05 20:10:53.141  WARN 22638 --- [http-nio-8080-exec-1] my.seckill.LoginController               : No session mapping to user asd found!
2022-10-05 20:10:54.227  INFO 22638 --- [http-nio-8080-exec-2] my.seckill.AuthFilter                    : 2022-10-05T20:10:54.226972 收到请求：GET /user
2022-10-05 20:10:54.229  WARN 22638 --- [http-nio-8080-exec-2] my.seckill.LoginController               : No session mapping to user asd found!
2022-10-05 20:10:54.236  INFO 22638 --- [http-nio-8080-exec-3] my.seckill.AuthFilter                    : 2022-10-05T20:10:54.236476 收到请求：GET /login
2022-10-05 20:10:54.239  INFO 22638 --- [http-nio-8080-exec-4] my.seckill.AuthFilter                    : 2022-10-05T20:10:54.239007 收到请求：GET /user
2022-10-05 20:10:54.240  WARN 22638 --- [http-nio-8080-exec-4] my.seckill.LoginController               : No session mapping to user asd found!
2022-10-05 20:10:54.245  INFO 22638 --- [http-nio-8080-exec-5] my.seckill.AuthFilter                    : 2022-10-05T20:10:54.245763 收到请求：GET /login
2022-10-05 20:10:54.247  INFO 22638 --- [http-nio-8080-exec-6] my.seckill.AuthFilter                    : 2022-10-05T20:10:54.247815 收到请求：GET /user
2022-10-05 20:10:54.248  WARN 22638 --- [http-nio-8080-exec-6] my.seckill.LoginController               : No session mapping to user asd found!
2022-10-05 20:10:54.255  INFO 22638 --- [http-nio-8080-exec-7] my.seckill.AuthFilter                    : 2022-10-05T20:10:54.255629 收到请求：GET /login
2022-10-05 20:10:54.257  INFO 22638 --- [http-nio-8080-exec-8] my.seckill.AuthFilter                    : 2022-10-05T20:10:54.257620 收到请求：GET /user
2022-10-05 20:10:54.258  WARN 22638 --- [http-nio-8080-exec-8] my.seckill.LoginController               : No session mapping to user asd found!
2022-10-05 20:10:54.263  INFO 22638 --- [http-nio-8080-exec-9] my.seckill.AuthFilter                    : 2022-10-05T20:10:54.263925 收到请求：GET /login
2022-10-05 20:10:54.265  INFO 22638 --- [http-nio-8080-exec-10] my.seckill.AuthFilter                    : 2022-10-05T20:10:54.265910 收到请求：GET /user
2022-10-05 20:10:54.267  WARN 22638 --- [http-nio-8080-exec-10] my.seckill.LoginController               : No session mapping to user asd found!
2022-10-05 20:10:54.272  INFO 22638 --- [http-nio-8080-exec-1] my.seckill.AuthFilter                    : 2022-10-05T20:10:54.272469 收到请求：GET /login
2022-10-05 20:10:54.274  INFO 22638 --- [http-nio-8080-exec-2] my.seckill.AuthFilter                    : 2022-10-05T20:10:54.274599 收到请求：GET /user
2022-10-05 20:10:54.275  WARN 22638 --- [http-nio-8080-exec-2] my.seckill.LoginController               : No session mapping to user asd found!
2022-10-05 20:10:54.281  INFO 22638 --- [http-nio-8080-exec-3] my.seckill.AuthFilter                    : 2022-10-05T20:10:54.281635 收到请求：GET /login
2022-10-05 20:10:54.283  INFO 22638 --- [http-nio-8080-exec-4] my.seckill.AuthFilter                    : 2022-10-05T20:10:54.283743 收到请求：GET /user
2022-10-05 20:10:54.284  WARN 22638 --- [http-nio-8080-exec-4] my.seckill.LoginController               : No session mapping to user asd found!
2022-10-05 20:10:54.289  INFO 22638 --- [http-nio-8080-exec-5] my.seckill.AuthFilter                    : 2022-10-05T20:10:54.289755 收到请求：GET /login
2022-10-05 20:10:54.291  INFO 22638 --- [http-nio-8080-exec-6] my.seckill.AuthFilter                    : 2022-10-05T20:10:54.291793 收到请求：GET /user
2022-10-05 20:10:54.292  WARN 22638 --- [http-nio-8080-exec-6] my.seckill.LoginController               : No session mapping to user asd found!
2022-10-05 20:10:54.299  INFO 22638 --- [http-nio-8080-exec-7] my.seckill.AuthFilter                    : 2022-10-05T20:10:54.299217 收到请求：GET /login
2022-10-05 20:10:54.301  INFO 22638 --- [http-nio-8080-exec-8] my.seckill.AuthFilter                    : 2022-10-05T20:10:54.301451 收到请求：GET /user
2022-10-05 20:10:54.302  WARN 22638 --- [http-nio-8080-exec-8] my.seckill.LoginController               : No session mapping to user asd found!
2022-10-05 20:10:54.307  INFO 22638 --- [http-nio-8080-exec-9] my.seckill.AuthFilter                    : 2022-10-05T20:10:54.307938 收到请求：GET /login
2022-10-05 20:10:54.309  INFO 22638 --- [http-nio-8080-exec-10] my.seckill.AuthFilter                    : 2022-10-05T20:10:54.309878 收到请求：GET /user
2022-10-05 20:10:54.310  WARN 22638 --- [http-nio-8080-exec-10] my.seckill.LoginController               : No session mapping to user asd found!
2022-10-05 20:10:54.315  INFO 22638 --- [http-nio-8080-exec-1] my.seckill.AuthFilter                    : 2022-10-05T20:10:54.315299 收到请求：GET /login
2022-10-05 20:10:59.382  INFO 22638 --- [http-nio-8080-exec-2] my.seckill.AuthFilter                    : 2022-10-05T20:10:59.382038 收到请求：GET /login
2022-10-05 20:10:59.384  INFO 22638 --- [http-nio-8080-exec-3] my.seckill.AuthFilter                    : 2022-10-05T20:10:59.384511 收到请求：GET /user
2022-10-05 20:10:59.385  WARN 22638 --- [http-nio-8080-exec-3] my.seckill.LoginController               : No session mapping to user asd found!
2022-10-05 20:10:59.391  INFO 22638 --- [http-nio-8080-exec-4] my.seckill.AuthFilter                    : 2022-10-05T20:10:59.391146 收到请求：GET /login
2022-10-05 20:10:59.393  INFO 22638 --- [http-nio-8080-exec-5] my.seckill.AuthFilter                    : 2022-10-05T20:10:59.393246 收到请求：GET /user
2022-10-05 20:10:59.394  WARN 22638 --- [http-nio-8080-exec-5] my.seckill.LoginController               : No session mapping to user asd found!
2022-10-05 20:10:59.399  INFO 22638 --- [http-nio-8080-exec-6] my.seckill.AuthFilter                    : 2022-10-05T20:10:59.399433 收到请求：GET /login
2022-10-05 20:10:59.401  INFO 22638 --- [http-nio-8080-exec-7] my.seckill.AuthFilter                    : 2022-10-05T20:10:59.401313 收到请求：GET /user
2022-10-05 20:10:59.402  WARN 22638 --- [http-nio-8080-exec-7] my.seckill.LoginController               : No session mapping to user asd found!
2022-10-05 20:10:59.407  INFO 22638 --- [http-nio-8080-exec-8] my.seckill.AuthFilter                    : 2022-10-05T20:10:59.406994 收到请求：GET /login
2022-10-05 20:10:59.408  INFO 22638 --- [http-nio-8080-exec-9] my.seckill.AuthFilter                    : 2022-10-05T20:10:59.408833 收到请求：GET /user
2022-10-05 20:10:59.409  WARN 22638 --- [http-nio-8080-exec-9] my.seckill.LoginController               : No session mapping to user asd found!
2022-10-05 20:10:59.414  INFO 22638 --- [http-nio-8080-exec-10] my.seckill.AuthFilter                    : 2022-10-05T20:10:59.414195 收到请求：GET /login
2022-10-05 20:10:59.416  INFO 22638 --- [http-nio-8080-exec-1] my.seckill.AuthFilter                    : 2022-10-05T20:10:59.416358 收到请求：GET /user
2022-10-05 20:10:59.417  WARN 22638 --- [http-nio-8080-exec-1] my.seckill.LoginController               : No session mapping to user asd found!
2022-10-05 20:10:59.421  INFO 22638 --- [http-nio-8080-exec-2] my.seckill.AuthFilter                    : 2022-10-05T20:10:59.421576 收到请求：GET /login
2022-10-05 20:10:59.423  INFO 22638 --- [http-nio-8080-exec-3] my.seckill.AuthFilter                    : 2022-10-05T20:10:59.423375 收到请求：GET /user
2022-10-05 20:10:59.424  WARN 22638 --- [http-nio-8080-exec-3] my.seckill.LoginController               : No session mapping to user asd found!
2022-10-05 20:10:59.428  INFO 22638 --- [http-nio-8080-exec-4] my.seckill.AuthFilter                    : 2022-10-05T20:10:59.428808 收到请求：GET /login
2022-10-05 20:10:59.430  INFO 22638 --- [http-nio-8080-exec-5] my.seckill.AuthFilter                    : 2022-10-05T20:10:59.430781 收到请求：GET /user
2022-10-05 20:10:59.431  WARN 22638 --- [http-nio-8080-exec-5] my.seckill.LoginController               : No session mapping to user asd found!
2022-10-05 20:10:59.436  INFO 22638 --- [http-nio-8080-exec-6] my.seckill.AuthFilter                    : 2022-10-05T20:10:59.436765 收到请求：GET /login
2022-10-05 20:10:59.438  INFO 22638 --- [http-nio-8080-exec-7] my.seckill.AuthFilter                    : 2022-10-05T20:10:59.438807 收到请求：GET /user
2022-10-05 20:10:59.439  WARN 22638 --- [http-nio-8080-exec-7] my.seckill.LoginController               : No session mapping to user asd found!
2022-10-05 20:10:59.444  INFO 22638 --- [http-nio-8080-exec-8] my.seckill.AuthFilter                    : 2022-10-05T20:10:59.444190 收到请求：GET /login
2022-10-05 20:10:59.446  INFO 22638 --- [http-nio-8080-exec-9] my.seckill.AuthFilter                    : 2022-10-05T20:10:59.446380 收到请求：GET /user
2022-10-05 20:10:59.447  WARN 22638 --- [http-nio-8080-exec-9] my.seckill.LoginController               : No session mapping to user asd found!
2022-10-05 20:10:59.452  INFO 22638 --- [http-nio-8080-exec-10] my.seckill.AuthFilter                    : 2022-10-05T20:10:59.452642 收到请求：GET /login
2022-10-05 20:10:59.454  INFO 22638 --- [http-nio-8080-exec-1] my.seckill.AuthFilter                    : 2022-10-05T20:10:59.454507 收到请求：GET /user
2022-10-05 20:10:59.455  WARN 22638 --- [http-nio-8080-exec-1] my.seckill.LoginController               : No session mapping to user asd found!
2022-10-05 20:11:31.552  INFO 22748 --- [main] my.seckill.SeckillProjectApplication     : Starting SeckillProjectApplication using Java 11.0.3 on hujiangshengdeMacBook-Pro.local with PID 22748 (/Users/hujiangsheng/Codes/blog-code/seckill-project/target/classes started by hujiangsheng in /Users/hujiangsheng/Codes/blog-code/seckill-project)
2022-10-05 20:11:31.573  INFO 22748 --- [main] my.seckill.SeckillProjectApplication     : No active profile set, falling back to 1 default profile: "default"
2022-10-05 20:11:32.101  INFO 22748 --- [main] .s.d.r.c.RepositoryConfigurationDelegate : Multiple Spring Data modules found, entering strict repository configuration mode
2022-10-05 20:11:32.102  INFO 22748 --- [main] .s.d.r.c.RepositoryConfigurationDelegate : Bootstrapping Spring Data Redis repositories in DEFAULT mode.
2022-10-05 20:11:32.121  INFO 22748 --- [main] .s.d.r.c.RepositoryConfigurationDelegate : Finished Spring Data repository scanning in 4 ms. Found 0 Redis repository interfaces.
2022-10-05 20:11:32.471  INFO 22748 --- [main] o.s.b.w.embedded.tomcat.TomcatWebServer  : Tomcat initialized with port(s): 8080 (http)
2022-10-05 20:11:32.480  INFO 22748 --- [main] o.apache.catalina.core.StandardService   : Starting service [Tomcat]
2022-10-05 20:11:32.480  INFO 22748 --- [main] org.apache.catalina.core.StandardEngine  : Starting Servlet engine: [Apache Tomcat/9.0.65]
2022-10-05 20:11:32.567  INFO 22748 --- [main] o.a.c.c.C.[Tomcat].[localhost].[/]       : Initializing Spring embedded WebApplicationContext
2022-10-05 20:11:32.568  INFO 22748 --- [main] w.s.c.ServletWebServerApplicationContext : Root WebApplicationContext: initialization completed in 952 ms
2022-10-05 20:11:33.531  INFO 22748 --- [main] o.s.b.w.embedded.tomcat.TomcatWebServer  : Tomcat started on port(s): 8080 (http) with context path ''
2022-10-05 20:11:33.632  INFO 22748 --- [main] s.a.ScheduledAnnotationBeanPostProcessor : No TaskScheduler/ScheduledExecutorService bean found for scheduled processing
2022-10-05 20:11:33.642  INFO 22748 --- [main] my.seckill.SeckillProjectApplication     : Started SeckillProjectApplication in 2.418 seconds (JVM running for 3.007)
2022-10-05 20:11:35.668  INFO 22748 --- [http-nio-8080-exec-1] o.a.c.c.C.[Tomcat].[localhost].[/]       : Initializing Spring DispatcherServlet 'dispatcherServlet'
2022-10-05 20:11:35.668  INFO 22748 --- [http-nio-8080-exec-1] o.s.web.servlet.DispatcherServlet        : Initializing Servlet 'dispatcherServlet'
2022-10-05 20:11:35.669  INFO 22748 --- [http-nio-8080-exec-1] o.s.web.servlet.DispatcherServlet        : Completed initialization in 0 ms
2022-10-05 20:11:35.681  INFO 22748 --- [http-nio-8080-exec-1] my.seckill.AuthFilter                    : 2022-10-05T20:11:35.678326 收到请求：GET /user
2022-10-05 20:11:42.623  WARN 22748 --- [http-nio-8080-exec-1] my.seckill.LoginController               : No session mapping to user asd found!
2022-10-05 20:11:45.786  INFO 22748 --- [http-nio-8080-exec-2] my.seckill.AuthFilter                    : 2022-10-05T20:11:45.786040 收到请求：POST /login
2022-10-05 20:11:45.789  INFO 22748 --- [http-nio-8080-exec-3] my.seckill.AuthFilter                    : 2022-10-05T20:11:45.789572 收到请求：GET /user
2022-10-05 20:18:10.054  WARN 22748 --- [http-nio-8080-exec-3] my.seckill.LoginController               : No session mapping to user asd found!
2022-10-05 20:18:10.109  INFO 22748 --- [http-nio-8080-exec-5] my.seckill.AuthFilter                    : 2022-10-05T20:18:10.109510 收到请求：GET /css/login.css
2022-10-05 20:18:10.138  INFO 22748 --- [http-nio-8080-exec-6] my.seckill.AuthFilter                    : 2022-10-05T20:18:10.138902 收到请求：GET /user
2022-10-05 20:18:10.141  WARN 22748 --- [http-nio-8080-exec-6] my.seckill.LoginController               : No session mapping to user asd found!
2022-10-05 20:18:22.247  INFO 22748 --- [http-nio-8080-exec-7] my.seckill.AuthFilter                    : 2022-10-05T20:18:22.247324 收到请求：GET /user
2022-10-05 20:18:35.320  WARN 22748 --- [http-nio-8080-exec-7] my.seckill.LoginController               : No session mapping to user asd found!
2022-10-05 20:18:37.050  INFO 22748 --- [http-nio-8080-exec-8] my.seckill.AuthFilter                    : 2022-10-05T20:18:37.050564 收到请求：POST /login
2022-10-05 20:18:37.054  INFO 22748 --- [http-nio-8080-exec-9] my.seckill.AuthFilter                    : 2022-10-05T20:18:37.054011 收到请求：GET /user
2022-10-05 20:18:37.055  WARN 22748 --- [http-nio-8080-exec-9] my.seckill.LoginController               : No session mapping to user asd found!
2022-10-05 20:18:37.121  INFO 22748 --- [http-nio-8080-exec-10] my.seckill.AuthFilter                    : 2022-10-05T20:18:37.121819 收到请求：GET /user
2022-10-05 20:18:37.123  WARN 22748 --- [http-nio-8080-exec-10] my.seckill.LoginController               : No session mapping to user asd found!
2022-10-05 20:18:38.134  INFO 22748 --- [http-nio-8080-exec-1] my.seckill.AuthFilter                    : 2022-10-05T20:18:38.134010 收到请求：POST /login
2022-10-05 20:18:38.136  INFO 22748 --- [http-nio-8080-exec-2] my.seckill.AuthFilter                    : 2022-10-05T20:18:38.136667 收到请求：GET /user
2022-10-05 20:18:38.138  WARN 22748 --- [http-nio-8080-exec-2] my.seckill.LoginController               : No session mapping to user asd found!
2022-10-05 20:18:38.206  INFO 22748 --- [http-nio-8080-exec-4] my.seckill.AuthFilter                    : 2022-10-05T20:18:38.206262 收到请求：GET /user
2022-10-05 20:18:38.208  WARN 22748 --- [http-nio-8080-exec-4] my.seckill.LoginController               : No session mapping to user asd found!
2022-10-05 20:18:39.158  INFO 22748 --- [http-nio-8080-exec-3] my.seckill.AuthFilter                    : 2022-10-05T20:18:39.158350 收到请求：POST /login
2022-10-05 20:18:39.161  INFO 22748 --- [http-nio-8080-exec-5] my.seckill.AuthFilter                    : 2022-10-05T20:18:39.161342 收到请求：GET /user
2022-10-05 20:18:39.171  WARN 22748 --- [http-nio-8080-exec-5] my.seckill.LoginController               : No session mapping to user asd found!
2022-10-05 20:18:39.239  INFO 22748 --- [http-nio-8080-exec-6] my.seckill.AuthFilter                    : 2022-10-05T20:18:39.238984 收到请求：GET /user
2022-10-05 20:18:39.241  WARN 22748 --- [http-nio-8080-exec-6] my.seckill.LoginController               : No session mapping to user asd found!
2022-10-05 20:27:49.809  INFO 22748 --- [http-nio-8080-exec-9] my.seckill.AuthFilter                    : 2022-10-05T20:27:49.809917 收到请求：POST /login
2022-10-05 20:27:49.814  INFO 22748 --- [http-nio-8080-exec-10] my.seckill.AuthFilter                    : 2022-10-05T20:27:49.813967 收到请求：GET /user
2022-10-05 20:27:59.857  WARN 22748 --- [http-nio-8080-exec-10] my.seckill.LoginController               : No session mapping to user asd found!
2022-10-05 20:27:59.929  INFO 22748 --- [http-nio-8080-exec-1] my.seckill.AuthFilter                    : 2022-10-05T20:27:59.929596 收到请求：GET /user
2022-10-05 20:28:01.455  WARN 22748 --- [http-nio-8080-exec-1] my.seckill.LoginController               : No session mapping to user asd found!
2022-10-05 20:28:01.482  INFO 22748 --- [http-nio-8080-exec-2] my.seckill.AuthFilter                    : 2022-10-05T20:28:01.482731 收到请求：GET /css/login.css
2022-10-05 20:28:04.445  INFO 22748 --- [http-nio-8080-exec-4] my.seckill.AuthFilter                    : 2022-10-05T20:28:04.445071 收到请求：POST /login
2022-10-05 20:28:04.448  INFO 22748 --- [http-nio-8080-exec-3] my.seckill.AuthFilter                    : 2022-10-05T20:28:04.448243 收到请求：GET /user
2022-10-05 20:28:16.973  WARN 22748 --- [http-nio-8080-exec-3] my.seckill.LoginController               : No session mapping to user asd found!
2022-10-05 20:28:17.096  INFO 22748 --- [http-nio-8080-exec-5] my.seckill.AuthFilter                    : 2022-10-05T20:28:17.096316 收到请求：GET /user
2022-10-05 20:28:17.756  WARN 22748 --- [http-nio-8080-exec-5] my.seckill.LoginController               : No session mapping to user asd found!
2022-10-05 20:28:38.464  INFO 22748 --- [http-nio-8080-exec-6] my.seckill.AuthFilter                    : 2022-10-05T20:28:38.459925 收到请求：POST /login
2022-10-05 20:30:55.499  INFO 22748 --- [http-nio-8080-exec-8] my.seckill.AuthFilter                    : 2022-10-05T20:30:55.499276 收到请求：GET /user
2022-10-05 20:30:56.948  WARN 22748 --- [http-nio-8080-exec-8] my.seckill.LoginController               : No session mapping to user asd found!
2022-10-05 20:30:57.666  INFO 22748 --- [http-nio-8080-exec-9] my.seckill.AuthFilter                    : 2022-10-05T20:30:57.666729 收到请求：GET /user
2022-10-05 20:30:58.400  WARN 22748 --- [http-nio-8080-exec-9] my.seckill.LoginController               : No session mapping to user asd found!
2022-10-05 20:31:07.217  INFO 22748 --- [http-nio-8080-exec-10] my.seckill.AuthFilter                    : 2022-10-05T20:31:07.216979 收到请求：POST /login
2022-10-05 20:31:13.766  INFO 22748 --- [http-nio-8080-exec-1] my.seckill.AuthFilter                    : 2022-10-05T20:31:13.766334 收到请求：GET /user
2022-10-05 20:31:15.014  WARN 22748 --- [http-nio-8080-exec-1] my.seckill.LoginController               : No session mapping to user asd found!
2022-10-05 20:31:16.965  INFO 22748 --- [http-nio-8080-exec-2] my.seckill.AuthFilter                    : 2022-10-05T20:31:16.965254 收到请求：GET /user
2022-10-05 20:31:17.899  WARN 22748 --- [http-nio-8080-exec-2] my.seckill.LoginController               : No session mapping to user asd found!
2022-10-05 20:31:32.237  INFO 22748 --- [http-nio-8080-exec-4] my.seckill.AuthFilter                    : 2022-10-05T20:31:32.237852 收到请求：POST /login
2022-10-05 20:31:37.698  INFO 22748 --- [http-nio-8080-exec-3] my.seckill.AuthFilter                    : 2022-10-05T20:31:37.698708 收到请求：GET /user
2022-10-05 20:31:37.965  WARN 22748 --- [http-nio-8080-exec-3] my.seckill.LoginController               : No session mapping to user asd found!
2022-10-05 20:31:38.297  INFO 22748 --- [http-nio-8080-exec-5] my.seckill.AuthFilter                    : 2022-10-05T20:31:38.297417 收到请求：GET /user
2022-10-05 20:31:38.897  WARN 22748 --- [http-nio-8080-exec-5] my.seckill.LoginController               : No session mapping to user asd found!
2022-10-05 20:31:47.764  INFO 22748 --- [http-nio-8080-exec-7] my.seckill.AuthFilter                    : 2022-10-05T20:31:47.760379 收到请求：POST /login
2022-10-05 20:31:53.402  INFO 22748 --- [http-nio-8080-exec-6] my.seckill.AuthFilter                    : 2022-10-05T20:31:53.402469 收到请求：GET /user
2022-10-05 20:31:53.405  WARN 22748 --- [http-nio-8080-exec-6] my.seckill.LoginController               : No session mapping to user asd found!
2022-10-05 20:31:53.475  INFO 22748 --- [http-nio-8080-exec-8] my.seckill.AuthFilter                    : 2022-10-05T20:31:53.475740 收到请求：GET /user
2022-10-05 20:31:53.478  WARN 22748 --- [http-nio-8080-exec-8] my.seckill.LoginController               : No session mapping to user asd found!
2022-10-05 20:31:57.341  INFO 25405 --- [main] my.seckill.SeckillProjectApplication     : Starting SeckillProjectApplication using Java 11.0.3 on hujiangshengdeMacBook-Pro.local with PID 25405 (/Users/hujiangsheng/Codes/blog-code/seckill-project/target/classes started by hujiangsheng in /Users/hujiangsheng/Codes/blog-code/seckill-project)
2022-10-05 20:31:57.344  INFO 25405 --- [main] my.seckill.SeckillProjectApplication     : No active profile set, falling back to 1 default profile: "default"
2022-10-05 20:31:57.883  INFO 25405 --- [main] .s.d.r.c.RepositoryConfigurationDelegate : Multiple Spring Data modules found, entering strict repository configuration mode
2022-10-05 20:31:57.885  INFO 25405 --- [main] .s.d.r.c.RepositoryConfigurationDelegate : Bootstrapping Spring Data Redis repositories in DEFAULT mode.
2022-10-05 20:31:57.902  INFO 25405 --- [main] .s.d.r.c.RepositoryConfigurationDelegate : Finished Spring Data repository scanning in 4 ms. Found 0 Redis repository interfaces.
2022-10-05 20:31:58.247  INFO 25405 --- [main] o.s.b.w.embedded.tomcat.TomcatWebServer  : Tomcat initialized with port(s): 8080 (http)
2022-10-05 20:31:58.267  INFO 25405 --- [main] o.apache.catalina.core.StandardService   : Starting service [Tomcat]
2022-10-05 20:31:58.268  INFO 25405 --- [main] org.apache.catalina.core.StandardEngine  : Starting Servlet engine: [Apache Tomcat/9.0.65]
2022-10-05 20:31:58.337  INFO 25405 --- [main] o.a.c.c.C.[Tomcat].[localhost].[/]       : Initializing Spring embedded WebApplicationContext
2022-10-05 20:31:58.337  INFO 25405 --- [main] w.s.c.ServletWebServerApplicationContext : Root WebApplicationContext: initialization completed in 954 ms
2022-10-05 20:31:59.406  INFO 25405 --- [main] o.s.b.w.embedded.tomcat.TomcatWebServer  : Tomcat started on port(s): 8080 (http) with context path ''
2022-10-05 20:31:59.511  INFO 25405 --- [main] s.a.ScheduledAnnotationBeanPostProcessor : No TaskScheduler/ScheduledExecutorService bean found for scheduled processing
2022-10-05 20:31:59.520  INFO 25405 --- [main] my.seckill.SeckillProjectApplication     : Started SeckillProjectApplication in 2.512 seconds (JVM running for 3.164)
2022-10-05 20:32:04.753  INFO 25405 --- [http-nio-8080-exec-1] o.a.c.c.C.[Tomcat].[localhost].[/]       : Initializing Spring DispatcherServlet 'dispatcherServlet'
2022-10-05 20:32:04.754  INFO 25405 --- [http-nio-8080-exec-1] o.s.web.servlet.DispatcherServlet        : Initializing Servlet 'dispatcherServlet'
2022-10-05 20:32:04.755  INFO 25405 --- [http-nio-8080-exec-1] o.s.web.servlet.DispatcherServlet        : Completed initialization in 1 ms
2022-10-05 20:32:06.485  INFO 25405 --- [http-nio-8080-exec-1] my.seckill.AuthFilter                    : 2022-10-05T20:32:06.481444 收到请求：POST /login
2022-10-05 20:32:24.318  INFO 25405 --- [http-nio-8080-exec-1] my.seckill.LoginController               : LoginController.LoginInfo(user=asd, password=123, rememberMe=false)
2022-10-05 20:32:46.440  INFO 25405 --- [http-nio-8080-exec-1] my.seckill.AuthFilter                    : 2022-10-05T20:32:46.433231 收到请求：GET /user
2022-10-05 20:33:21.307  INFO 25405 --- [http-nio-8080-exec-2] my.seckill.AuthFilter                    : 2022-10-05T20:33:21.307450 收到请求：POST /login
2022-10-05 20:33:21.331  INFO 25405 --- [http-nio-8080-exec-3] my.seckill.AuthFilter                    : 2022-10-05T20:33:21.331516 收到请求：GET /user
2022-10-05 20:33:36.583  INFO 25405 --- [http-nio-8080-exec-4] my.seckill.AuthFilter                    : 2022-10-05T20:33:36.583515 收到请求：GET /user
2022-10-05 20:33:51.772  INFO 25405 --- [http-nio-8080-exec-5] my.seckill.AuthFilter                    : 2022-10-05T20:33:51.772332 收到请求：GET /user
2022-10-05 20:33:55.300  INFO 25405 --- [http-nio-8080-exec-6] my.seckill.AuthFilter                    : 2022-10-05T20:33:55.300399 收到请求：GET /user
2022-10-05 20:33:59.693  INFO 25405 --- [http-nio-8080-exec-7] my.seckill.AuthFilter                    : 2022-10-05T20:33:59.693850 收到请求：DELETE /exit
2022-10-05 20:33:59.771  INFO 25405 --- [http-nio-8080-exec-8] my.seckill.AuthFilter                    : 2022-10-05T20:33:59.771103 收到请求：GET /login
2022-10-05 20:33:59.844  INFO 25405 --- [http-nio-8080-exec-9] my.seckill.AuthFilter                    : 2022-10-05T20:33:59.843906 收到请求：GET /css/login.css
2022-10-05 20:34:02.543  INFO 25405 --- [http-nio-8080-exec-10] my.seckill.AuthFilter                    : 2022-10-05T20:34:02.543673 收到请求：POST /login
2022-10-05 20:34:02.548  INFO 25405 --- [http-nio-8080-exec-10] my.seckill.LoginController               : LoginController.LoginInfo(user=asd, password=123, rememberMe=true)
2022-10-05 20:34:02.617  INFO 25405 --- [http-nio-8080-exec-2] my.seckill.AuthFilter                    : 2022-10-05T20:34:02.617427 收到请求：GET /user
2022-10-05 20:34:51.145  WARN 25405 --- [springSessionRedisMessageListenerContainer-5] o.s.s.d.r.RedisIndexedSessionRepository  : Unable to publish SessionDestroyedEvent for session bf9ff98a-a1fa-4287-9040-8a2e1822387d
2022-10-05 20:34:51.145  WARN 25405 --- [springSessionRedisMessageListenerContainer-6] o.s.s.d.r.RedisIndexedSessionRepository  : Unable to publish SessionDestroyedEvent for session ad23958b-c77e-434d-87fb-534b94d66941
2022-10-05 20:34:54.188  INFO 25405 --- [http-nio-8080-exec-3] my.seckill.AuthFilter                    : 2022-10-05T20:34:54.188294 收到请求：GET /user
2022-10-05 20:34:54.293  INFO 25405 --- [http-nio-8080-exec-1] my.seckill.AuthFilter                    : 2022-10-05T20:34:54.289770 收到请求：GET /login
2022-10-05 20:35:03.829  INFO 25405 --- [http-nio-8080-exec-5] my.seckill.AuthFilter                    : 2022-10-05T20:35:03.829670 收到请求：POST /login
2022-10-05 20:35:03.833  INFO 25405 --- [http-nio-8080-exec-5] my.seckill.LoginController               : LoginController.LoginInfo(user=asd, password=123, rememberMe=true)
2022-10-05 20:35:03.901  INFO 25405 --- [http-nio-8080-exec-6] my.seckill.AuthFilter                    : 2022-10-05T20:35:03.900993 收到请求：GET /user
2022-10-05 20:35:21.952  INFO 25405 --- [http-nio-8080-exec-7] my.seckill.AuthFilter                    : 2022-10-05T20:35:21.952294 收到请求：GET /user
2022-10-05 20:36:21.845  INFO 25405 --- [http-nio-8080-exec-9] my.seckill.AuthFilter                    : 2022-10-05T20:36:21.845017 收到请求：GET /user
2022-10-05 20:36:21.857  INFO 25405 --- [http-nio-8080-exec-10] my.seckill.AuthFilter                    : 2022-10-05T20:36:21.857269 收到请求：GET /login
2022-10-05 20:36:29.569  INFO 25405 --- [http-nio-8080-exec-2] my.seckill.AuthFilter                    : 2022-10-05T20:36:29.569419 收到请求：POST /login
2022-10-05 20:36:29.572  INFO 25405 --- [http-nio-8080-exec-2] my.seckill.LoginController               : LoginController.LoginInfo(user=asd, password=123, rememberMe=false)
2022-10-05 20:36:29.639  INFO 25405 --- [http-nio-8080-exec-4] my.seckill.AuthFilter                    : 2022-10-05T20:36:29.639404 收到请求：GET /user
